#
# There is insufficient memory for the Java Runtime Environment to continue.
# Cannot create GC thread. Out of system resources.
# Possible reasons:
#   The system is out of physical RAM or swap space
#   In 32 bit mode, the process size limit was hit
# Possible solutions:
#   Reduce memory load on the system
#   Increase physical memory or swap space
#   Check if swap backing store is full
#   Use 64 bit Java on a 64 bit OS
#   Decrease Java heap size (-Xmx/-Xms)
#   Decrease number of Java threads
#   Decrease Java thread stack sizes (-Xss)
#   Set larger code cache with -XX:ReservedCodeCacheSize=
# This output file may be truncated or incomplete.
#
#  Out of Memory Error (gcTaskThread.cpp:48), pid=3087, tid=140076008425280
#
# JRE version:  (8.0_91-b14) (build )
# Java VM: Java HotSpot(TM) 64-Bit Server VM (25.91-b14 mixed mode linux-amd64 compressed oops)
# Failed to write core dump. Core dumps have been disabled. To enable core dumping, try "ulimit -c unlimited" before starting Java again
#

---------------  T H R E A D  ---------------

Current thread (0x000000000259d000):  JavaThread "Unknown thread" [_thread_in_vm, id=3087, stack(0x00007ffd75a7d000,0x00007ffd75b7d000)]

Stack: [0x00007ffd75a7d000,0x00007ffd75b7d000],  sp=0x00007ffd75b75640,  free space=993k
Native frames: (J=compiled Java code, j=interpreted, Vv=VM code, C=native code)
V  [libjvm.so+0xabc18a]  VMError::report_and_die()+0x2ba
V  [libjvm.so+0x4fafeb]  report_vm_out_of_memory(char const*, int, unsigned long, VMErrorType, char const*)+0x8b
V  [libjvm.so+0x5d543f]  GCTaskThread::GCTaskThread(GCTaskManager*, unsigned int, unsigned int)+0x15f
V  [libjvm.so+0x5d41fb]  GCTaskManager::initialize()+0x3ab
V  [libjvm.so+0x9400ed]  ParallelScavengeHeap::initialize()+0x34d
V  [libjvm.so+0xa849bb]  Universe::initialize_heap()+0xfb
V  [libjvm.so+0xa84d2e]  universe_init()+0x3e
V  [libjvm.so+0x63a575]  init_globals()+0x65
V  [libjvm.so+0xa68f3e]  Threads::create_vm(JavaVMInitArgs*, bool*)+0x23e
V  [libjvm.so+0x6cede4]  JNI_CreateJavaVM+0x74
C  [libjli.so+0x745e]  JavaMain+0x9e
C  [libjli.so+0xb213]  ContinueInNewThread0+0x63
C  [libjli.so+0x697a]  ContinueInNewThread+0x7a
C  [libjli.so+0x99e8]  JLI_Launch+0x798
C  [java+0x696]  JLI_Launch@@SUNWprivate_1.1+0x696
C  [libc.so.6+0x21ec5]  __libc_start_main+0xf5


---------------  P R O C E S S  ---------------

Java Threads: ( => current thread )

Other Threads:

=>0x000000000259d000 (exited) JavaThread "Unknown thread" [_thread_in_vm, id=3087, stack(0x00007ffd75a7d000,0x00007ffd75b7d000)]

VM state:not at safepoint (not fully initialized)

VM Mutex/Monitor currently owned by a thread: None

GC Heap History (0 events):
No events

Deoptimization events (0 events):
No events

Internal exceptions (0 events):
No events

Events (0 events):
No events


Dynamic libraries:
00400000-00401000 r-xp 00000000 08:25 2893851                            /usr/lib/jvm/java-8-oracle/bin/java
00600000-00601000 rw-p 00000000 08:25 2893851                            /usr/lib/jvm/java-8-oracle/bin/java
02592000-025d4000 rw-p 00000000 00:00 0                                  [heap]
a2a00000-a6900000 rw-p 00000000 00:00 0 
a6900000-e0e00000 ---p 00000000 00:00 0 
e0e00000-e2d00000 rw-p 00000000 00:00 0 
e2d00000-100000000 ---p 00000000 00:00 0 
7f65ea0fd000-7f65ea3a2000 rw-p 00000000 00:00 0 
7f65ea3a2000-7f65ea574000 ---p 00000000 00:00 0 
7f65ea574000-7f65ea594000 rw-p 00000000 00:00 0 
7f65ea594000-7f65ea766000 ---p 00000000 00:00 0 
7f65ea766000-7f65ea776000 rw-p 00000000 00:00 0 
7f65ea776000-7f65ea85f000 ---p 00000000 00:00 0 
7f65ea85f000-7f65ea86a000 rw-p 00000000 00:00 0 
7f65ea86a000-7f65eac20000 ---p 00000000 00:00 0 
7f65eac20000-7f65eae90000 rwxp 00000000 00:00 0 
7f65eae90000-7f65f9c20000 ---p 00000000 00:00 0 
7f65f9c20000-7f65f9c3a000 r-xp 00000000 08:25 2893775                    /usr/lib/jvm/java-8-oracle/jre/lib/amd64/libzip.so
7f65f9c3a000-7f65f9e3a000 ---p 0001a000 08:25 2893775                    /usr/lib/jvm/java-8-oracle/jre/lib/amd64/libzip.so
7f65f9e3a000-7f65f9e3b000 rw-p 0001a000 08:25 2893775                    /usr/lib/jvm/java-8-oracle/jre/lib/amd64/libzip.so
7f65f9e3b000-7f65f9e46000 r-xp 00000000 08:25 3933322                    /lib/x86_64-linux-gnu/libnss_files-2.19.so
7f65f9e46000-7f65fa045000 ---p 0000b000 08:25 3933322                    /lib/x86_64-linux-gnu/libnss_files-2.19.so
7f65fa045000-7f65fa046000 r--p 0000a000 08:25 3933322                    /lib/x86_64-linux-gnu/libnss_files-2.19.so
7f65fa046000-7f65fa047000 rw-p 0000b000 08:25 3933322                    /lib/x86_64-linux-gnu/libnss_files-2.19.so
7f65fa047000-7f65fa052000 r-xp 00000000 08:25 3933285                    /lib/x86_64-linux-gnu/libnss_nis-2.19.so
7f65fa052000-7f65fa251000 ---p 0000b000 08:25 3933285                    /lib/x86_64-linux-gnu/libnss_nis-2.19.so
7f65fa251000-7f65fa252000 r--p 0000a000 08:25 3933285                    /lib/x86_64-linux-gnu/libnss_nis-2.19.so
7f65fa252000-7f65fa253000 rw-p 0000b000 08:25 3933285                    /lib/x86_64-linux-gnu/libnss_nis-2.19.so
7f65fa253000-7f65fa26a000 r-xp 00000000 08:25 3933275                    /lib/x86_64-linux-gnu/libnsl-2.19.so
7f65fa26a000-7f65fa469000 ---p 00017000 08:25 3933275                    /lib/x86_64-linux-gnu/libnsl-2.19.so
7f65fa469000-7f65fa46a000 r--p 00016000 08:25 3933275                    /lib/x86_64-linux-gnu/libnsl-2.19.so
7f65fa46a000-7f65fa46b000 rw-p 00017000 08:25 3933275                    /lib/x86_64-linux-gnu/libnsl-2.19.so
7f65fa46b000-7f65fa46d000 rw-p 00000000 00:00 0 
7f65fa46d000-7f65fa476000 r-xp 00000000 08:25 3933269                    /lib/x86_64-linux-gnu/libnss_compat-2.19.so
7f65fa476000-7f65fa675000 ---p 00009000 08:25 3933269                    /lib/x86_64-linux-gnu/libnss_compat-2.19.so
7f65fa675000-7f65fa676000 r--p 00008000 08:25 3933269                    /lib/x86_64-linux-gnu/libnss_compat-2.19.so
7f65fa676000-7f65fa677000 rw-p 00009000 08:25 3933269                    /lib/x86_64-linux-gnu/libnss_compat-2.19.so
7f65fa677000-7f65fa6a1000 r-xp 00000000 08:25 2893806                    /usr/lib/jvm/java-8-oracle/jre/lib/amd64/libjava.so
7f65fa6a1000-7f65fa8a1000 ---p 0002a000 08:25 2893806                    /usr/lib/jvm/java-8-oracle/jre/lib/amd64/libjava.so
7f65fa8a1000-7f65fa8a3000 rw-p 0002a000 08:25 2893806                    /usr/lib/jvm/java-8-oracle/jre/lib/amd64/libjava.so
7f65fa8a3000-7f65fa8b0000 r-xp 00000000 08:25 2893773                    /usr/lib/jvm/java-8-oracle/jre/lib/amd64/libverify.so
7f65fa8b0000-7f65faab0000 ---p 0000d000 08:25 2893773                    /usr/lib/jvm/java-8-oracle/jre/lib/amd64/libverify.so
7f65faab0000-7f65faab2000 rw-p 0000d000 08:25 2893773                    /usr/lib/jvm/java-8-oracle/jre/lib/amd64/libverify.so
7f65faab2000-7f65faab9000 r-xp 00000000 08:25 3933310                    /lib/x86_64-linux-gnu/librt-2.19.so
7f65faab9000-7f65facb8000 ---p 00007000 08:25 3933310                    /lib/x86_64-linux-gnu/librt-2.19.so
7f65facb8000-7f65facb9000 r--p 00006000 08:25 3933310                    /lib/x86_64-linux-gnu/librt-2.19.so
7f65facb9000-7f65facba000 rw-p 00007000 08:25 3933310                    /lib/x86_64-linux-gnu/librt-2.19.so
7f65facba000-7f65fadbf000 r-xp 00000000 08:25 3933260                    /lib/x86_64-linux-gnu/libm-2.19.so
7f65fadbf000-7f65fafbe000 ---p 00105000 08:25 3933260                    /lib/x86_64-linux-gnu/libm-2.19.so
7f65fafbe000-7f65fafbf000 r--p 00104000 08:25 3933260                    /lib/x86_64-linux-gnu/libm-2.19.so
7f65fafbf000-7f65fafc0000 rw-p 00105000 08:25 3933260                    /lib/x86_64-linux-gnu/libm-2.19.so
7f65fafc0000-7f65fbc80000 r-xp 00000000 08:25 2893754                    /usr/lib/jvm/java-8-oracle/jre/lib/amd64/server/libjvm.so
7f65fbc80000-7f65fbe80000 ---p 00cc0000 08:25 2893754                    /usr/lib/jvm/java-8-oracle/jre/lib/amd64/server/libjvm.so
7f65fbe80000-7f65fbf58000 rw-p 00cc0000 08:25 2893754                    /usr/lib/jvm/java-8-oracle/jre/lib/amd64/server/libjvm.so
7f65fbf58000-7f65fbfa3000 rw-p 00000000 00:00 0 
7f65fbfa3000-7f65fc15e000 r-xp 00000000 08:25 3933311                    /lib/x86_64-linux-gnu/libc-2.19.so
7f65fc15e000-7f65fc35d000 ---p 001bb000 08:25 3933311                    /lib/x86_64-linux-gnu/libc-2.19.so
7f65fc35d000-7f65fc361000 r--p 001ba000 08:25 3933311                    /lib/x86_64-linux-gnu/libc-2.19.so
7f65fc361000-7f65fc363000 rw-p 001be000 08:25 3933311                    /lib/x86_64-linux-gnu/libc-2.19.so
7f65fc363000-7f65fc368000 rw-p 00000000 00:00 0 
7f65fc368000-7f65fc36b000 r-xp 00000000 08:25 3933262                    /lib/x86_64-linux-gnu/libdl-2.19.so
7f65fc36b000-7f65fc56a000 ---p 00003000 08:25 3933262                    /lib/x86_64-linux-gnu/libdl-2.19.so
7f65fc56a000-7f65fc56b000 r--p 00002000 08:25 3933262                    /lib/x86_64-linux-gnu/libdl-2.19.so
7f65fc56b000-7f65fc56c000 rw-p 00003000 08:25 3933262                    /lib/x86_64-linux-gnu/libdl-2.19.so
7f65fc56c000-7f65fc581000 r-xp 00000000 08:25 2895223                    /usr/lib/jvm/java-8-oracle/lib/amd64/jli/libjli.so
7f65fc581000-7f65fc781000 ---p 00015000 08:25 2895223                    /usr/lib/jvm/java-8-oracle/lib/amd64/jli/libjli.so
7f65fc781000-7f65fc782000 rw-p 00015000 08:25 2895223                    /usr/lib/jvm/java-8-oracle/lib/amd64/jli/libjli.so
7f65fc782000-7f65fc79b000 r-xp 00000000 08:25 3933276                    /lib/x86_64-linux-gnu/libpthread-2.19.so
7f65fc79b000-7f65fc99a000 ---p 00019000 08:25 3933276                    /lib/x86_64-linux-gnu/libpthread-2.19.so
7f65fc99a000-7f65fc99b000 r--p 00018000 08:25 3933276                    /lib/x86_64-linux-gnu/libpthread-2.19.so
7f65fc99b000-7f65fc99c000 rw-p 00019000 08:25 3933276                    /lib/x86_64-linux-gnu/libpthread-2.19.so
7f65fc99c000-7f65fc9a0000 rw-p 00000000 00:00 0 
7f65fc9a0000-7f65fc9c3000 r-xp 00000000 08:25 3933281                    /lib/x86_64-linux-gnu/ld-2.19.so
7f65fca93000-7f65fca94000 ---p 00000000 00:00 0 
7f65fca94000-7f65fcb98000 rw-p 00000000 00:00 0 
7f65fcbb3000-7f65fcbb6000 rw-p 00000000 00:00 0 
7f65fcbb6000-7f65fcbbe000 rw-s 00000000 08:25 5898337                    /tmp/hsperfdata_root/3087
7f65fcbbe000-7f65fcbbf000 rw-p 00000000 00:00 0 
7f65fcbbf000-7f65fcbc0000 r--p 00000000 00:00 0 
7f65fcbc0000-7f65fcbc2000 rw-p 00000000 00:00 0 
7f65fcbc2000-7f65fcbc3000 r--p 00022000 08:25 3933281                    /lib/x86_64-linux-gnu/ld-2.19.so
7f65fcbc3000-7f65fcbc4000 rw-p 00023000 08:25 3933281                    /lib/x86_64-linux-gnu/ld-2.19.so
7f65fcbc4000-7f65fcbc5000 rw-p 00000000 00:00 0 
7ffd75a7d000-7ffd75a80000 ---p 00000000 00:00 0 
7ffd75a81000-7ffd75b7d000 rw-p 00000000 00:00 0                          [stack]
7ffd75be0000-7ffd75be2000 r--p 00000000 00:00 0                          [vvar]
7ffd75be2000-7ffd75be4000 r-xp 00000000 00:00 0                          [vdso]
ffffffffff600000-ffffffffff601000 r-xp 00000000 00:00 0                  [vsyscall]

VM Arguments:
jvm_args: -Dfile.encoding=UTF-8 
java_command: application.Main
java_class_path (initial): /root/workspace/Shogi/Shogi/bin
Launcher Type: SUN_STANDARD

Environment Variables:
PATH=/usr/local/sbin:/usr/local/bin:/usr/sbin:/usr/bin:/sbin:/bin:/usr/games:/usr/local/games
USERNAME=root
SHELL=/bin/bash
DISPLAY=:0

Signal Handlers:
SIGSEGV: [libjvm.so+0xabca10], sa_mask[0]=11111111011111111101111111111110, sa_flags=SA_RESTART|SA_SIGINFO
SIGBUS: [libjvm.so+0xabca10], sa_mask[0]=11111111011111111101111111111110, sa_flags=SA_RESTART|SA_SIGINFO
SIGFPE: [libjvm.so+0x919a20], sa_mask[0]=11111111011111111101111111111110, sa_flags=SA_RESTART|SA_SIGINFO
SIGPIPE: [libjvm.so+0x919a20], sa_mask[0]=11111111011111111101111111111110, sa_flags=SA_RESTART|SA_SIGINFO
SIGXFSZ: [libjvm.so+0x919a20], sa_mask[0]=11111111011111111101111111111110, sa_flags=SA_RESTART|SA_SIGINFO
SIGILL: [libjvm.so+0x919a20], sa_mask[0]=11111111011111111101111111111110, sa_flags=SA_RESTART|SA_SIGINFO
SIGUSR1: SIG_DFL, sa_mask[0]=00000000000000000000000000000000, sa_flags=none
SIGUSR2: [libjvm.so+0x91b050], sa_mask[0]=00100000000000000000000000000000, sa_flags=SA_RESTART|SA_SIGINFO
SIGHUP: SIG_DFL, sa_mask[0]=00000000000000000000000000000000, sa_flags=none
SIGINT: SIG_DFL, sa_mask[0]=00000000000000000000000000000000, sa_flags=none
SIGTERM: SIG_DFL, sa_mask[0]=00000000000000000000000000000000, sa_flags=none
SIGQUIT: SIG_DFL, sa_mask[0]=00000000000000000000000000000000, sa_flags=none


---------------  S Y S T E M  ---------------

OS:DISTRIB_ID=LinuxMint
DISTRIB_RELEASE=17.3
DISTRIB_CODENAME=rosa
DISTRIB_DESCRIPTION="Linux Mint 17.3 Rosa"

uname:Linux 3.19.0-32-generic #37~14.04.1-Ubuntu SMP Thu Oct 22 09:41:40 UTC 2015 x86_64
libc:glibc 2.19 NPTL 2.19 
rlimit: STACK 8192k, CORE 0k, NPROC 23493, NOFILE 4096, AS infinity
load average:0.53 1.34 1.60

/proc/meminfo:
MemTotal:        6112004 kB
MemFree:          165108 kB
MemAvailable:    1180000 kB
Buffers:          216528 kB
Cached:           986028 kB
SwapCached:            0 kB
Active:          4428704 kB
Inactive:         623908 kB
Active(anon):    3851460 kB
Inactive(anon):    48032 kB
Active(file):     577244 kB
Inactive(file):   575876 kB
Unevictable:          32 kB
Mlocked:              32 kB
SwapTotal:             0 kB
SwapFree:              0 kB
Dirty:                64 kB
Writeback:             0 kB
AnonPages:       3850164 kB
Mapped:           419604 kB
Shmem:             49404 kB
Slab:             208616 kB
SReclaimable:      61400 kB
SUnreclaim:       147216 kB
KernelStack:      520208 kB
PageTables:       109036 kB
NFS_Unstable:          0 kB
Bounce:                0 kB
WritebackTmp:          0 kB
CommitLimit:     3056000 kB
Committed_AS:   39276312 kB
VmallocTotal:   34359738367 kB
VmallocUsed:      183244 kB
VmallocChunk:   34359536636 kB
HardwareCorrupted:     0 kB
AnonHugePages:   1548288 kB
CmaTotal:              0 kB
CmaFree:               0 kB
HugePages_Total:       0
HugePages_Free:        0
HugePages_Rsvd:        0
HugePages_Surp:        0
Hugepagesize:       2048 kB
DirectMap4k:      497600 kB
DirectMap2M:     5793792 kB


CPU:total 2 (2 cores per cpu, 1 threads per core) family 15 model 67 stepping 3, cmov, cx8, fxsr, mmx, sse, sse2, sse3, mmxext, 3dnowpref, tsc

/proc/cpuinfo:
processor	: 0
vendor_id	: AuthenticAMD
cpu family	: 15
model		: 67
model name	: AMD Athlon(tm) 64 X2 Dual Core Processor 6000+
stepping	: 3
cpu MHz		: 3000.000
cache size	: 1024 KB
physical id	: 0
siblings	: 2
core id		: 0
cpu cores	: 2
apicid		: 0
initial apicid	: 0
fpu		: yes
fpu_exception	: yes
cpuid level	: 1
wp		: yes
flags		: fpu vme de pse tsc msr pae mce cx8 apic sep mtrr pge mca cmov pat pse36 clflush mmx fxsr sse sse2 ht syscall nx mmxext fxsr_opt rdtscp lm 3dnowext 3dnow rep_good nopl extd_apicid pni cx16 lahf_lm cmp_legacy svm extapic cr8_legacy vmmcall
bugs		: apic_c1e fxsave_leak
bogomips	: 6026.84
TLB size	: 1024 4K pages
clflush size	: 64
cache_alignment	: 64
address sizes	: 40 bits physical, 48 bits virtual
power management: ts fid vid ttp tm stc

processor	: 1
vendor_id	: AuthenticAMD
cpu family	: 15
model		: 67
model name	: AMD Athlon(tm) 64 X2 Dual Core Processor 6000+
stepping	: 3
cpu MHz		: 3000.000
cache size	: 1024 KB
physical id	: 0
siblings	: 2
core id		: 1
cpu cores	: 2
apicid		: 1
initial apicid	: 1
fpu		: yes
fpu_exception	: yes
cpuid level	: 1
wp		: yes
flags		: fpu vme de pse tsc msr pae mce cx8 apic sep mtrr pge mca cmov pat pse36 clflush mmx fxsr sse sse2 ht syscall nx mmxext fxsr_opt rdtscp lm 3dnowext 3dnow rep_good nopl extd_apicid pni cx16 lahf_lm cmp_legacy svm extapic cr8_legacy vmmcall
bugs		: apic_c1e fxsave_leak
bogomips	: 6026.84
TLB size	: 1024 4K pages
clflush size	: 64
cache_alignment	: 64
address sizes	: 40 bits physical, 48 bits virtual
power management: ts fid vid ttp tm stc



Memory: 4k page, physical 6112004k(165108k free), swap 0k(0k free)

vm_info: Java HotSpot(TM) 64-Bit Server VM (25.91-b14) for linux-amd64 JRE (1.8.0_91-b14), built on Apr  1 2016 00:57:21 by "java_re" with gcc 4.3.0 20080428 (Red Hat 4.3.0-8)

time: Thu May 26 23:10:49 2016
elapsed time: 0 seconds (0d 0h 0m 0s)

